  1>Checking Build System
  CMake is re-running because D:/PROJECT/buildbuild/CMakeFiles/generate.stamp is out-of-date.
    the file 'D:/PROJECT/CMakeLists.txt'
    is newer than 'D:/PROJECT/buildbuild/CMakeFiles/generate.stamp.depend'
    result='-1'
  CMake Warning (dev) at CMakeLists.txt:1 (project):
    cmake_minimum_required() should be called prior to this top-level project()
    call.  Please see the cmake-commands(7) manual for usage documentation of
    both commands.
  This warning is for project developers.  Use -Wno-dev to suppress it.
  
  -- Selecting Windows SDK version 10.0.22000.0 to target Windows 10.0.22621.
  CMake Warning (dev) in CMakeLists.txt:
    No cmake_minimum_required command is present.  A line of code such as
  
      cmake_minimum_required(VERSION 3.29)
  
    should be added at the top of the file.  The version specified may be lower
    if you wish to support older CMake versions for this project.  For more
    information run "cmake --help-policy CMP0000".
  This warning is for project developers.  Use -Wno-dev to suppress it.
  
  -- Configuring done (0.1s)
  -- Generating done (0.1s)
  -- Build files have been written to: D:/PROJECT/buildbuild
